<?xml version="1.0" encoding="UTF-8"?>
<!-- Generated by org.testng.reporters.JUnitReportReporter -->
<testsuite hostname="Khan" failures="0" tests="1" name="practiceTestCases.DataProviderWithExcel_002" time="0.000" errors="0" timestamp="2022-08-24T02:40:09 EDT" skipped="1">
  <testcase classname="practiceTestCases.DataProviderWithExcel_002" name="f" time="0.000">
    <skipped/>
  </testcase> <!-- f -->
  <system-out/>
</testsuite> <!-- practiceTestCases.DataProviderWithExcel_002 -->
