<?xml version="1.0" encoding="UTF-8"?>
<!-- Generated by org.testng.reporters.JUnitReportReporter -->
<testsuite hostname="Khan" failures="0" tests="2" name="Test_Model.Page_Factory_Signup_Test" time="14.866" errors="0" timestamp="2022-08-13T11:21:34 EDT" skipped="0">
  <testcase classname="Test_Model.Page_Factory_Signup_Test" name="SignUppage" time="6.448"/>
  <system-out/>
  <testcase classname="Test_Model.Page_Factory_Signup_Test" name="OpenloginPage" time="8.418"/>
  <system-out/>
</testsuite> <!-- Test_Model.Page_Factory_Signup_Test -->
