<?xml version="1.0" encoding="UTF-8"?>
<!-- Generated by org.testng.reporters.JUnitReportReporter -->
<testsuite hostname="Khan" failures="0" tests="2" name="Test_Model.Page_Model_Signup_Test" time="11.442" errors="0" timestamp="2022-08-13T09:47:06 EDT" skipped="0">
  <testcase classname="Test_Model.Page_Model_Signup_Test" name="SignUppage" time="4.432"/>
  <system-out/>
  <testcase classname="Test_Model.Page_Model_Signup_Test" name="OpenloginPage" time="7.010"/>
  <system-out/>
</testsuite> <!-- Test_Model.Page_Model_Signup_Test -->
