<?xml version="1.0" encoding="UTF-8"?>
<!-- Generated by org.testng.reporters.JUnitReportReporter -->
<testsuite hostname="Khan" failures="0" tests="1" name="Test_Model.Page_Model_Signin_Test" time="5.094" errors="0" timestamp="2022-08-13T09:47:06 EDT" skipped="0">
  <testcase classname="Test_Model.Page_Model_Signin_Test" name="OpenSignInPage" time="5.094"/>
  <system-out/>
</testsuite> <!-- Test_Model.Page_Model_Signin_Test -->
